Build started 10/1/2021 11:07:13 PM.
     1>Project "F:\AProject\Jumpy Bumpy\Jumpy Bumpy\Jumpy Bumpy.vcxproj" on node 2 (build target(s)).
     1>PrepareForBuild:
         Creating directory "F:\AProject\Jumpy Bumpy\Release\".
       InitializeBuildStatus:
         Creating "Release\Jumpy Bumpy.unsuccessfulbuild" because "AlwaysCreate" was specified.
       ClCompile:
         C:\Program Files (x86)\Microsoft Visual Studio 10.0\VC\bin\CL.exe /c /Zi /nologo /W3 /WX- /O2 /Oi /Oy- /GL /D _MBCS /Gm- /EHsc /MD /GS /Gy /fp:precise /Zc:wchar_t /Zc:forScope /Fo"Release\\" /Fd"Release\vc100.pdb" /Gd /TP /analyze- /errorReport:prompt jumpy_main.cpp
         jumpy_main.cpp
       Link:
         C:\Program Files (x86)\Microsoft Visual Studio 10.0\VC\bin\link.exe /ERRORREPORT:PROMPT /OUT:"F:\AProject\Jumpy Bumpy\Release\Jumpy Bumpy.exe" /NOLOGO kernel32.lib user32.lib gdi32.lib winspool.lib comdlg32.lib advapi32.lib shell32.lib ole32.lib oleaut32.lib uuid.lib odbc32.lib odbccp32.lib /MANIFEST /ManifestFile:"Release\Jumpy Bumpy.exe.intermediate.manifest" /MANIFESTUAC:"level='asInvoker' uiAccess='false'" /DEBUG /PDB:"F:\AProject\Jumpy Bumpy\Release\Jumpy Bumpy.pdb" /OPT:REF /OPT:ICF /LTCG /TLBID:1 /DYNAMICBASE /NXCOMPAT /IMPLIB:"F:\AProject\Jumpy Bumpy\Release\Jumpy Bumpy.lib" /MACHINE:X86 Release\jumpy_main.obj
         Generating code
     1>f:\aproject\jumpy bumpy\jumpy bumpy\jumpy_main.cpp(534): warning C4789: destination of memory copy is too small
         Finished generating code
         Jumpy Bumpy.vcxproj -> F:\AProject\Jumpy Bumpy\Release\Jumpy Bumpy.exe
       Manifest:
         C:\Program Files (x86)\Microsoft SDKs\Windows\v7.0A\bin\mt.exe /nologo /verbose /outputresource:"F:\AProject\Jumpy Bumpy\Release\Jumpy Bumpy.exe;#1" /manifest "Release\Jumpy Bumpy.exe.intermediate.manifest"
       FinalizeBuildStatus:
         Deleting file "Release\Jumpy Bumpy.unsuccessfulbuild".
         Touching "Release\Jumpy Bumpy.lastbuildstate".
     1>Done Building Project "F:\AProject\Jumpy Bumpy\Jumpy Bumpy\Jumpy Bumpy.vcxproj" (build target(s)).

Build succeeded.

Time Elapsed 00:00:02.28
