Build started 10/4/2021 8:07:55 PM.
     1>Project "F:\AProject\Jumpy Bumpy\Jumpy Bumpy\Jumpy Bumpy.vcxproj" on node 2 (build target(s)).
     1>InitializeBuildStatus:
         Creating "Debug\Jumpy Bumpy.unsuccessfulbuild" because "AlwaysCreate" was specified.
       ClCompile:
         C:\Program Files (x86)\Microsoft Visual Studio 10.0\VC\bin\CL.exe /c /ZI /nologo /W3 /WX- /Od /Oy- /D _MBCS /Gm /EHsc /RTC1 /MDd /GS /fp:precise /Zc:wchar_t /Zc:forScope /Fo"Debug\\" /Fd"Debug\vc100.pdb" /Gd /TP /analyze- /errorReport:prompt jumpy_main.cpp
         jumpy_main.cpp
     1>f:\aproject\jumpy bumpy\jumpy bumpy\jumpy_main.cpp(584): warning C4789: destination of memory copy is too small
       Link:
         C:\Program Files (x86)\Microsoft Visual Studio 10.0\VC\bin\link.exe /ERRORREPORT:PROMPT /OUT:"F:\AProject\Jumpy Bumpy\Debug\Jumpy Bumpy.exe" /NOLOGO kernel32.lib user32.lib gdi32.lib winspool.lib comdlg32.lib advapi32.lib shell32.lib ole32.lib oleaut32.lib uuid.lib odbc32.lib odbccp32.lib /MANIFEST /ManifestFile:"Debug\Jumpy Bumpy.exe.intermediate.manifest" /MANIFESTUAC:"level='asInvoker' uiAccess='false'" /DEBUG /PDB:"F:\AProject\Jumpy Bumpy\Debug\Jumpy Bumpy.pdb" /TLBID:1 /DYNAMICBASE /NXCOMPAT /IMPLIB:"F:\AProject\Jumpy Bumpy\Debug\Jumpy Bumpy.lib" /MACHINE:X86 Debug\jumpy_main.obj
         LINK : F:\AProject\Jumpy Bumpy\Debug\Jumpy Bumpy.exe not found or not built by the last incremental link; performing full link
         Jumpy Bumpy.vcxproj -> F:\AProject\Jumpy Bumpy\Debug\Jumpy Bumpy.exe
       Manifest:
         C:\Program Files (x86)\Microsoft SDKs\Windows\v7.0A\bin\mt.exe /nologo /verbose /outputresource:"F:\AProject\Jumpy Bumpy\Debug\Jumpy Bumpy.exe;#1" /manifest "Debug\Jumpy Bumpy.exe.intermediate.manifest"
       FinalizeBuildStatus:
         Deleting file "Debug\Jumpy Bumpy.unsuccessfulbuild".
         Touching "Debug\Jumpy Bumpy.lastbuildstate".
     1>Done Building Project "F:\AProject\Jumpy Bumpy\Jumpy Bumpy\Jumpy Bumpy.vcxproj" (build target(s)).

Build succeeded.

Time Elapsed 00:00:01.72
