F:\APROJECT\JUMPY BUMPY\DEBUG\JUMPY BUMPY.EXE
F:\APROJECT\JUMPY BUMPY\DEBUG\JUMPY BUMPY.ILK
F:\APROJECT\JUMPY BUMPY\DEBUG\JUMPY BUMPY.PDB
F:\APROJECT\JUMPY BUMPY\JUMPY BUMPY\DEBUG\BALLOON.OBJ
F:\AProject\Jumpy Bumpy\Jumpy Bumpy\Debug\cl.command.1.tlog
F:\AProject\Jumpy Bumpy\Jumpy Bumpy\Debug\CL.read.1.tlog
F:\AProject\Jumpy Bumpy\Jumpy Bumpy\Debug\CL.write.1.tlog
F:\APROJECT\JUMPY BUMPY\JUMPY BUMPY\DEBUG\JUMPY BUMPY.EXE.EMBED.MANIFEST
F:\APROJECT\JUMPY BUMPY\JUMPY BUMPY\DEBUG\JUMPY BUMPY.EXE.EMBED.MANIFEST.RES
F:\APROJECT\JUMPY BUMPY\JUMPY BUMPY\DEBUG\JUMPY BUMPY.EXE.INTERMEDIATE.MANIFEST
F:\AProject\Jumpy Bumpy\Jumpy Bumpy\Debug\Jumpy Bumpy.ilk
F:\APROJECT\JUMPY BUMPY\JUMPY BUMPY\DEBUG\JUMPY BUMPY.OBJ
F:\APROJECT\JUMPY BUMPY\JUMPY BUMPY\DEBUG\JUMPY BUMPY.PCH
F:\AProject\Jumpy Bumpy\Jumpy Bumpy\Debug\Jumpy Bumpy.pdb
F:\APROJECT\JUMPY BUMPY\JUMPY BUMPY\DEBUG\JUMPY BUMPY.RES
F:\AProject\Jumpy Bumpy\Jumpy Bumpy\Debug\Jumpy Bumpy.vcxprojResolveAssemblyReference.cache
F:\AProject\Jumpy Bumpy\Jumpy Bumpy\Debug\Jumpy Bumpy.write.1.tlog
F:\AProject\Jumpy Bumpy\Jumpy Bumpy\Debug\Jumpy Bumpy_manifest.rc
F:\APROJECT\JUMPY BUMPY\JUMPY BUMPY\DEBUG\JUMPY_MAIN.OBJ
F:\AProject\Jumpy Bumpy\Jumpy Bumpy\Debug\link.command.1.tlog
F:\AProject\Jumpy Bumpy\Jumpy Bumpy\Debug\link.read.1.tlog
F:\AProject\Jumpy Bumpy\Jumpy Bumpy\Debug\link.write.1.tlog
F:\AProject\Jumpy Bumpy\Jumpy Bumpy\Debug\link-cvtres.read.1.tlog
F:\AProject\Jumpy Bumpy\Jumpy Bumpy\Debug\link-cvtres.write.1.tlog
F:\AProject\Jumpy Bumpy\Jumpy Bumpy\Debug\mt.command.1.tlog
F:\AProject\Jumpy Bumpy\Jumpy Bumpy\Debug\mt.read.1.tlog
F:\AProject\Jumpy Bumpy\Jumpy Bumpy\Debug\mt.write.1.tlog
F:\AProject\Jumpy Bumpy\Jumpy Bumpy\Debug\rc.command.1.tlog
F:\AProject\Jumpy Bumpy\Jumpy Bumpy\Debug\rc.read.1.tlog
F:\AProject\Jumpy Bumpy\Jumpy Bumpy\Debug\rc.write.1.tlog
F:\APROJECT\JUMPY BUMPY\JUMPY BUMPY\DEBUG\STDAFX.OBJ
F:\AProject\Jumpy Bumpy\Jumpy Bumpy\Debug\vc100.idb
F:\APROJECT\JUMPY BUMPY\JUMPY BUMPY\DEBUG\VC100.PDB
